CPU+GPU Current(mA), CPU+GPU Power (mW)
48,245
176,899
152,777
136,695
80,449
88,449
120,613
152,777
160,817
160,817
160,817
160,817
72,368
64,327
56,286
56,286
48,286
56,286
184,940
184,940
192,981
208,1063
472,2453
848,4341
896,4587
912,4669
904,4628
920,4710
904,4628
904,4628
912,4669
904,4628
912,4669
896,4628
904,4628
920,4751
904,4628
912,4669
896,4587
904,4628
920,4710
904,4628
912,4669
904,4628
904,4628
912,4669
904,4628
912,4669
904,4628
896,4546
616,3153
880,4505
904,4628
912,4669
896,4628
912,4669
904,4628
904,4628
896,4587
904,4628
888,4546
904,4628
912,4710
904,4628
912,4669
904,4628
912,4669
912,4669
904,4628
912,4669
904,4628
912,4669
920,4710
904,4628
912,4669
896,4587
904,4628
912,4710
704,3563
880,4505
904,4628
888,4546
912,4669
896,4587
904,4669
904,4628
912,4628
904,4669
896,4587
928,4710
896,4587
912,4669
888,4546
904,4628
920,4710
904,4628
912,4669
896,4587
904,4669
928,4710
896,4587
904,4628
896,4546
904,4628
912,4710
888,4587
848,4300
856,4382
896,4587
920,4710
904,4628
904,4628
896,4546
904,4628
912,4669
904,4628
904,4628
904,4628
912,4669
904,4669
904,4628
912,4669
904,4628
912,4628
904,4669
896,4587
904,4669
904,4628
912,4669
912,4669
904,4628
904,4628
904,4628
904,4587
904,4628
832,4259
896,4546
896,4587
896,4587
896,4587
888,4546
864,4423
856,4382
872,4423
904,4628
912,4669
896,4628
904,4628
896,4587
904,4628
912,4710
896,4587
912,4669
896,4587
912,4628
912,4710
904,4628
912,4669
896,4628
904,4587
896,4587
896,4587
888,4546
600,3072
