CPU+GPU Current(mA), CPU+GPU Power (mW)
40,245
160,817
128,654
152,777
128,654
152,777
216,1104
240,1226
200,1022
216,1104
208,1063
200,1022
96,490
72,368
72,368
88,449
96,490
136,695
88,449
144,777
224,1145
240,1226
232,1185
232,1185
208,1063
344,1758
576,2990
1024,5242
1040,5324
1008,5160
1016,5201
1016,5201
1024,5242
1024,5242
1024,5242
1024,5283
1024,5283
1024,5242
1024,5242
1024,5242
1000,5120
1016,5201
1016,5201
1016,5201
1032,5283
1024,5242
1032,5324
1032,5242
1024,5242
1032,5283
1016,5201
1008,5160
1024,5242
1016,5201
1024,5201
1024,5242
1032,5283
1032,5324
1032,5283
1024,5242
1032,5283
1016,5201
1000,5120
1016,5201
1016,5201
1024,5242
1016,5201
1032,5283
1024,5242
1024,5242
1024,5283
1024,5283
1008,5160
1008,5160
1008,5160
1016,5201
1024,5242
1016,5201
1016,5201
936,4792
1008,5120
1024,5242
1024,5242
1024,5242
1024,5242
1008,5160
1000,5120
1016,5201
1016,5160
1024,5283
1016,5201
1032,5283
1032,5242
1024,5242
1024,5242
1016,5242
1000,5120
1016,5160
1016,5201
1016,5201
1024,5283
1024,5242
1032,5283
1024,5242
1032,5242
1024,5242
1016,5242
1008,5160
1016,5201
1016,5242
1008,5160
1024,5242
1024,5242
1032,5283
1024,5242
1024,5242
1032,5283
1016,5201
1000,5160
1024,5242
1008,5160
1032,5283
1016,5242
1032,5283
1024,5283
1032,5283
1024,5242
1024,5283
1016,5201
992,5079
1008,5160
944,4792
976,4997
1008,5160
1000,5160
1016,5201
1008,5160
1024,5242
1016,5201
1024,5242
1016,5201
1024,5242
1032,5283
1016,5201
1000,5160
1024,5242
1016,5201
1032,5242
1016,5201
1032,5283
1032,5283
1024,5242
1024,5242
1032,5283
1008,5160
1008,5160
1016,5201
1016,5201
1024,5283
1024,5242
1024,5283
1024,5283
1024,5242
1024,5242
1024,5242
1000,5160
1008,5160
1024,5242
1016,5201
1032,5283
1024,5242
1032,5283
1032,5283
1032,5283
1024,5242
1016,5201
1008,5120
1016,5201
1016,5201
1016,5201
1024,5283
1024,5242
1024,5242
1016,5242
664,3440
1056,5406
1024,5283
1024,5283
1024,5242
1024,5242
1024,5242
992,5120
1008,5160
1016,5201
1008,5160
1024,5242
1024,5242
1032,5283
1024,5242
1024,5242
1032,5283
1016,5160
1008,5160
1016,5201
1016,5201
1032,5242
1024,5242
1032,5283
1032,5283
1024,5242
1024,5242
1032,5283
1016,5201
1000,5120
1016,5242
1008,5160
1032,5283
1016,5201
1032,5283
1024,5242
1024,5242
1024,5242
1024,5283
1016,5201
1000,5120
1016,5201
1016,5160
1032,5283
1016,5242
1032,5283
1024,5283
1024,5242
1024,5242
1024,5283
1040,5365
1000,5120
1000,5160
848,4341
1000,5120
1008,5160
1008,5120
1016,5201
1008,5160
1016,5242
1032,5283
1024,5242
1024,5242
1024,5242
1024,5242
1000,5120
1008,5160
1016,5201
1016,5201
1032,5283
1024,5242
1032,5283
1024,5283
1024,5242
1024,5242
1024,5242
1000,5120
1008,5160
1016,5201
1008,5201
1024,5242
1024,5242
1024,5242
1024,5242
1024,5242
1032,5283
1016,5201
1000,5160
1016,5201
1016,5201
1032,5201
1024,5283
1024,5242
1032,5283
1024,5292
1024,5242
1024,5251
1008,5201
1008,5160
1016,5201
1016,5201
1016,5160
1024,5242
1024,5242
1024,5242
1016,5201
304,1556
