CPU+GPU Current(mA), CPU+GPU Power (mW)
40,245
176,899
152,777
128,654
112,613
144,777
168,858
168,858
176,899
160,817
72,368
64,327
56,286
56,286
56,286
56,286
160,817
168,899
168,858
168,858
664,3440
856,4300
848,4382
856,4382
864,4423
880,4505
864,4423
872,4464
856,4382
864,4423
872,4464
888,4505
880,4505
888,4546
872,4464
864,4423
872,4464
880,4505
880,4505
872,4464
880,4546
856,4382
872,4464
880,4505
888,4546
872,4464
712,3645
856,4382
872,4423
880,4505
880,4505
896,4587
872,4464
872,4464
872,4423
872,4464
872,4505
880,4505
872,4464
880,4505
880,4505
888,4546
888,4546
896,4587
880,4505
872,4464
880,4505
888,4546
888,4546
880,4505
888,4546
848,4341
680,3399
848,4341
872,4464
880,4505
888,4587
856,4382
872,4464
880,4505
880,4505
896,4546
872,4505
856,4382
872,4505
888,4546
880,4505
896,4546
872,4505
864,4423
872,4464
880,4505
888,4546
888,4546
896,4587
872,4464
856,4382
872,4505
856,4382
800,4096
888,4546
856,4382
872,4464
880,4505
880,4505
888,4546
848,4382
864,4423
872,4464
888,4546
888,4546
888,4546
872,4464
872,4464
872,4464
880,4505
880,4505
888,4505
872,4505
872,4423
872,4464
880,4505
888,4546
888,4546
880,4505
680,3481
856,4382
880,4464
880,4505
888,4546
856,4423
864,4423
880,4505
880,4505
880,4505
880,4546
856,4382
872,4464
880,4505
880,4546
880,4546
888,4546
872,4464
864,4423
872,4464
880,4505
880,4546
880,4505
888,4546
864,4423
856,4382
712,3604
