CPU+GPU Current(mA), CPU+GPU Power (mW)
40,204
168,858
144,736
112,572
80,408
80,408
120,613
160,817
152,777
152,777
160,817
184,940
72,368
64,327
56,286
56,286
56,286
56,286
72,408
176,899
168,858
168,858
432,2208
312,1635
912,4710
944,4874
968,4915
952,4874
968,4997
968,4956
960,4915
968,4956
960,4915
968,4956
952,4874
976,4997
960,4915
976,4997
968,4956
968,4956
984,5038
960,4956
968,4956
960,4915
976,4997
976,4997
976,4997
968,4956
968,4997
984,5038
960,4915
976,4997
960,4956
984,5038
968,4997
976,4997
976,4956
968,4956
976,5038
960,4915
984,5038
968,4915
984,5038
960,4915
680,3481
912,4669
976,4997
960,4915
976,4997
968,4956
968,4956
976,5038
960,4915
984,5038
968,4956
976,4997
968,4956
968,4956
984,5038
960,4915
976,4997
960,4915
984,5038
968,4997
968,4956
984,5038
968,4915
968,4956
968,4915
976,4997
976,4997
968,4997
976,4997
968,4956
984,5038
960,4915
976,4997
968,4956
984,4997
968,4956
968,4956
992,5079
952,4874
968,4956
952,4874
976,4997
912,4669
968,4956
960,4956
976,4997
952,4874
976,4997
968,4956
960,4956
984,5038
960,4915
968,4956
960,4956
984,5038
976,4997
976,4997
968,4956
968,4956
984,5038
960,4915
976,4997
960,4915
976,4997
960,4956
968,4956
984,5079
968,4956
968,4956
960,4915
976,4997
976,4997
976,4997
976,4997
968,4956
984,5038
960,4915
976,4997
960,4915
976,4997
976,4997
968,4956
960,4915
840,4341
960,4874
976,4997
968,4956
960,4915
984,5038
944,4833
976,4997
968,4915
976,4997
968,4956
968,4956
984,5038
968,4956
976,4956
960,4915
976,5038
976,4997
968,4956
968,4956
968,4956
976,5038
960,4915
976,4997
960,4915
976,4997
968,4997
968,4956
984,4997
960,4915
976,4997
960,4915
976,4997
960,4956
976,4997
968,4956
968,4956
984,5038
960,4956
968,4956
944,4833
720,3686
936,4792
976,4956
960,4915
960,4956
960,4915
976,4997
968,4956
968,4956
984,4997
960,4915
960,4956
960,4915
984,5038
968,4956
968,4956
968,4956
960,4956
976,5038
960,4915
984,5038
968,4956
976,4997
968,4956
968,4956
984,5038
960,4915
976,4997
968,4956
976,4997
968,4997
968,4956
968,4956
968,4956
984,5038
960,4915
976,4997
952,4874
976,4997
968,4956
960,4915
968,4833
256,1310
