CPU+GPU Current(mA), CPU+GPU Power (mW)
48,245
176,899
144,736
144,736
120,613
144,736
168,858
176,899
168,858
168,858
104,531
64,327
56,327
56,286
56,286
56,286
96,490
184,940
176,899
176,899
440,2249
824,4218
872,4505
864,4382
880,4505
888,4587
872,4464
880,4505
888,4546
880,4505
880,4505
896,4587
896,4587
880,4505
888,4546
888,4546
872,4505
880,4505
888,4587
896,4587
880,4505
888,4546
888,4546
864,4464
880,4505
888,4546
880,4546
672,3399
856,4382
888,4546
880,4505
880,4505
888,4587
888,4587
872,4464
888,4546
896,4628
872,4464
888,4546
888,4546
872,4464
880,4505
880,4546
880,4546
880,4505
888,4546
904,4628
872,4464
880,4505
888,4546
872,4464
880,4505
888,4587
896,4587
856,4382
816,4177
880,4505
872,4464
888,4546
888,4546
872,4464
888,4546
888,4546
880,4505
888,4546
896,4587
872,4464
888,4546
888,4546
864,4423
880,4505
888,4546
888,4587
880,4505
888,4546
880,4505
864,4423
880,4505
888,4546
880,4546
872,4464
872,4464
752,3850
856,4341
880,4505
888,4546
880,4505
872,4464
888,4546
888,4546
872,4464
888,4546
896,4587
872,4464
888,4546
888,4546
864,4423
880,4505
888,4546
888,4546
880,4505
888,4546
896,4587
872,4464
888,4546
896,4505
864,4423
880,4505
872,4464
616,3112
848,4341
880,4464
896,4587
864,4423
888,4546
888,4546
872,4464
888,4546
904,4587
872,4464
880,4505
888,4546
864,4464
880,4505
896,4587
896,4587
872,4505
888,4546
880,4505
864,4423
880,4505
888,4546
872,4505
872,4464
896,4546
904,4628
856,4382
272,1392
